<?xml version="1.0" encoding="UTF-8"?>
<!-- Generated by org.testng.reporters.JUnitReportReporter -->
<testsuite hostname="DESKTOP-KQJNQB0" failures="0" tests="1" name="testNG_Practice.TestNGPrograms" time="8.485" errors="0" timestamp="2024-08-06T12:54:21 IST" skipped="0">
  <testcase classname="testNG_Practice.TestNGPrograms" name="brws1" time="8.485"/>
</testsuite> <!-- testNG_Practice.TestNGPrograms -->
