<?xml version="1.0" encoding="UTF-8"?>
<!-- Generated by org.testng.reporters.JUnitReportReporter -->
<testsuite hostname="DESKTOP-KQJNQB0" failures="0" tests="1" name="seleniumPractice.GetAllLinksAndVerify" time="128.930" errors="0" timestamp="2024-09-10T16:03:12 IST" skipped="0">
  <testcase classname="seleniumPractice.GetAllLinksAndVerify" name="getLinks" time="128.930"/>
</testsuite> <!-- seleniumPractice.GetAllLinksAndVerify -->
