<?xml version="1.0" encoding="UTF-8"?>
<!-- Generated by org.testng.reporters.JUnitReportReporter -->
<testsuite hostname="DESKTOP-KQJNQB0" failures="0" tests="3" name="dataPickerExample.DatePicker" time="17.677" errors="0" timestamp="2024-10-01T17:00:13 IST" skipped="0">
  <testcase classname="dataPickerExample.DatePicker" name="dataFromTable" time="5.344"/>
  <testcase classname="dataPickerExample.DatePicker" name="dataFromTable" time="5.871"/>
  <testcase classname="dataPickerExample.DatePicker" name="dataFromTable" time="6.462"/>
</testsuite> <!-- dataPickerExample.DatePicker -->
