<?xml version="1.0" encoding="UTF-8"?>
<!-- Generated by org.testng.reporters.JUnitReportReporter -->
<testsuite hostname="DESKTOP-KQJNQB0" failures="0" tests="1" name="handlingPannelMenuFElemts.HandleMenuPannel" time="11.132" errors="0" timestamp="2024-10-01T17:40:23 IST" skipped="0">
  <testcase classname="handlingPannelMenuFElemts.HandleMenuPannel" name="leftMenu" time="11.132"/>
</testsuite> <!-- handlingPannelMenuFElemts.HandleMenuPannel -->
