<?xml version="1.0" encoding="UTF-8"?>
<!-- Generated by org.testng.reporters.JUnitReportReporter -->
<testsuite hostname="DESKTOP-KQJNQB0" failures="0" tests="1" name="testNG_Practice.FSSinterviewQuetion" time="4.177" errors="0" timestamp="2024-09-24T17:47:13 IST" skipped="0">
  <testcase classname="testNG_Practice.FSSinterviewQuetion" name="fetchGoogleLang" time="4.177"/>
</testsuite> <!-- testNG_Practice.FSSinterviewQuetion -->
