<?xml version="1.0" encoding="UTF-8"?>
<!-- Generated by org.testng.reporters.JUnitReportReporter -->
<testsuite hostname="DESKTOP-KQJNQB0" failures="0" tests="1" name="webTablersProgram.StaticWebTable" time="4.073" errors="0" timestamp="2024-10-01T16:09:06 IST" skipped="0">
  <testcase classname="webTablersProgram.StaticWebTable" name="dataFromTable" time="4.073"/>
</testsuite> <!-- webTablersProgram.StaticWebTable -->
