<?xml version="1.0" encoding="UTF-8"?>
<!-- Generated by org.testng.reporters.JUnitReportReporter -->
<testsuite hostname="DESKTOP-KQJNQB0" failures="0" tests="1" name="testNG_Practice.TestNG2" time="24.842" errors="0" timestamp="2024-09-06T00:55:51 IST" skipped="0">
  <testcase classname="testNG_Practice.TestNG2" name="test3" time="24.842"/>
</testsuite> <!-- testNG_Practice.TestNG2 -->
